#
# There is insufficient memory for the Java Runtime Environment to continue.
# Native memory allocation (mmap) failed to map 264241152 bytes for G1 virtual space
# Possible reasons:
#   The system is out of physical RAM or swap space
#   The process is running with CompressedOops enabled, and the Java Heap may be blocking the growth of the native heap
# Possible solutions:
#   Reduce memory load on the system
#   Increase physical memory or swap space
#   Check if swap backing store is full
#   Decrease Java heap size (-Xmx/-Xms)
#   Decrease number of Java threads
#   Decrease Java thread stack sizes (-Xss)
#   Set larger code cache with -XX:ReservedCodeCacheSize=
#   JVM is running with Zero Based Compressed Oops mode in which the Java heap is
#     placed in the first 32GB address space. The Java Heap base address is the
#     maximum limit for the native heap growth. Please use -XX:HeapBaseMinAddress
#     to set the Java Heap base and to place the Java Heap above 32GB virtual address.
# This output file may be truncated or incomplete.
#
#  Out of Memory Error (os_windows.cpp:3829), pid=17352, tid=1632
#
# JRE version:  (17.0.8.1+7) (build )
# Java VM: OpenJDK 64-Bit Server VM (17.0.8.1+7-b1000.32, mixed mode, sharing, tiered, compressed oops, compressed class ptrs, g1 gc, windows-amd64)
# No core dump will be written. Minidumps are not enabled by default on client versions of Windows
#

---------------  S U M M A R Y ------------

Command Line: git4idea.http.GitAskPassApp Username for 'https://github.com': 

Host: 11th Gen Intel(R) Core(TM) i5-11300H @ 3.10GHz, 8 cores, 15G,  Windows 11 , 64 bit Build 22621 (10.0.22621.4391)
Time: Fri Dec 13 10:44:44 2024 Romance Standard Time elapsed time: 0.018105 seconds (0d 0h 0m 0s)

---------------  T H R E A D  ---------------

Current thread (0x0000024bf4c3dd20):  JavaThread "Unknown thread" [_thread_in_vm, id=1632, stack(0x0000008a6c900000,0x0000008a6ca00000)]

Stack: [0x0000008a6c900000,0x0000008a6ca00000]
Native frames: (J=compiled Java code, j=interpreted, Vv=VM code, C=native code)
V  [jvm.dll+0x6852da]
V  [jvm.dll+0x844c84]
V  [jvm.dll+0x84659e]
V  [jvm.dll+0x846c03]
V  [jvm.dll+0x24b7cf]
V  [jvm.dll+0x682049]
V  [jvm.dll+0x67671a]
V  [jvm.dll+0x30be2b]
V  [jvm.dll+0x3132d6]
V  [jvm.dll+0x36302e]
V  [jvm.dll+0x36325f]
V  [jvm.dll+0x2e1f48]
V  [jvm.dll+0x2e2eb4]
V  [jvm.dll+0x815c11]
V  [jvm.dll+0x370df1]
V  [jvm.dll+0x7f4fdc]
V  [jvm.dll+0x3f3f1f]
V  [jvm.dll+0x3f5b31]
C  [jli.dll+0x528f]
C  [ucrtbase.dll+0x29333]
C  [KERNEL32.DLL+0x1259d]
C  [ntdll.dll+0x5af38]


---------------  P R O C E S S  ---------------

Threads class SMR info:
_java_thread_list=0x00007ffa14cb00d8, length=0, elements={
}

Java Threads: ( => current thread )

Other Threads:
  0x0000024bf4ca7f30 GCTaskThread "GC Thread#0" [stack: 0x0000008a6ca00000,0x0000008a6cb00000] [id=1572]
  0x0000024bf4cb8990 ConcurrentGCThread "G1 Main Marker" [stack: 0x0000008a6cb00000,0x0000008a6cc00000] [id=14660]
  0x0000024bf4cb9a50 ConcurrentGCThread "G1 Conc#0" [stack: 0x0000008a6cc00000,0x0000008a6cd00000] [id=7756]

[error occurred during error reporting (printing all threads), id 0xc0000005, EXCEPTION_ACCESS_VIOLATION (0xc0000005) at pc=0x00007ffa14462ab7]

VM state: not at safepoint (not fully initialized)

VM Mutex/Monitor currently owned by a thread:  ([mutex/lock_event])
[0x0000024bf4c390b0] Heap_lock - owner thread: 0x0000024bf4c3dd20

Heap address: 0x0000000704000000, size: 4032 MB, Compressed Oops mode: Zero based, Oop shift amount: 3

CDS archive(s) mapped at: [0x0000000000000000-0x0000000000000000-0x0000000000000000), size 0, SharedBaseAddress: 0x0000000800000000, ArchiveRelocationMode: 1.
Narrow klass base: 0x0000000000000000, Narrow klass shift: 0, Narrow klass range: 0x0

GC Precious Log:
<Empty>

Heap:
 garbage-first heap   total 0K, used 0K [0x0000000704000000, 0x0000000800000000)
  region size 2048K, 0 young (0K), 0 survivors (0K)
 Metaspace       used 0K, committed 0K, reserved 0K
  class space    used 0K, committed 0K, reserved 0K

Heap Regions: E=young(eden), S=young(survivor), O=old, HS=humongous(starts), HC=humongous(continues), CS=collection set, F=free, OA=open archive, CA=closed archive, TAMS=top-at-mark-start (previous, next)

Card table byte_map: [0x0000024bf8eb0000,0x0000024bf9690000] _byte_map_base: 0x0000024bf5690000

Marking Bits (Prev, Next): (CMBitMap*) 0x0000024bf4ca8460, (CMBitMap*) 0x0000024bf4ca84a0
 Prev Bits: [0x0000024bf9e70000, 0x0000024bfdd70000)
 Next Bits: [0x0000024b8f000000, 0x0000024b92f00000)

GC Heap History (0 events):
No events

Dll operation events (1 events):
Event: 0.009 Loaded shared library C:\Program Files\JetBrains\PhpStorm 2023.2.3\jbr\bin\java.dll

Deoptimization events (0 events):
No events

Classes unloaded (0 events):
No events

Classes redefined (0 events):
No events

Internal exceptions (0 events):
No events

VM Operations (0 events):
No events

Events (0 events):
No events


Dynamic libraries:
0x00007ff705470000 - 0x00007ff70547a000 	C:\Program Files\JetBrains\PhpStorm 2023.2.3\jbr\bin\java.exe
0x00007ffa82cb0000 - 0x00007ffa82ec7000 	C:\WINDOWS\SYSTEM32\ntdll.dll
0x00007ffa81cc0000 - 0x00007ffa81d84000 	C:\WINDOWS\System32\KERNEL32.DLL
0x00007ffa801f0000 - 0x00007ffa805a9000 	C:\WINDOWS\System32\KERNELBASE.dll
0x00007ffa800d0000 - 0x00007ffa801e1000 	C:\WINDOWS\System32\ucrtbase.dll
0x00007ffa49c70000 - 0x00007ffa49c87000 	C:\Program Files\JetBrains\PhpStorm 2023.2.3\jbr\bin\jli.dll
0x00007ffa82510000 - 0x00007ffa826be000 	C:\WINDOWS\System32\USER32.dll
0x00007ffa805b0000 - 0x00007ffa805d6000 	C:\WINDOWS\System32\win32u.dll
0x00007ffa66f30000 - 0x00007ffa671c2000 	C:\WINDOWS\WinSxS\amd64_microsoft.windows.common-controls_6595b64144ccf1df_6.0.22621.4391_none_2715d37f73803e96\COMCTL32.dll
0x00007ffa81ff0000 - 0x00007ffa82019000 	C:\WINDOWS\System32\GDI32.dll
0x00007ffa81650000 - 0x00007ffa816f7000 	C:\WINDOWS\System32\msvcrt.dll
0x00007ffa7ffb0000 - 0x00007ffa800cb000 	C:\WINDOWS\System32\gdi32full.dll
0x00007ffa805e0000 - 0x00007ffa8067a000 	C:\WINDOWS\System32\msvcp_win.dll
0x00007ffa3b050000 - 0x00007ffa3b06b000 	C:\Program Files\JetBrains\PhpStorm 2023.2.3\jbr\bin\VCRUNTIME140.dll
0x00007ffa81c70000 - 0x00007ffa81ca1000 	C:\WINDOWS\System32\IMM32.DLL
0x00007ffa45e20000 - 0x00007ffa45e2c000 	C:\Program Files\JetBrains\PhpStorm 2023.2.3\jbr\bin\vcruntime140_1.dll
0x00007ff9d10e0000 - 0x00007ff9d116d000 	C:\Program Files\JetBrains\PhpStorm 2023.2.3\jbr\bin\msvcp140.dll
0x00007ffa14170000 - 0x00007ffa14df3000 	C:\Program Files\JetBrains\PhpStorm 2023.2.3\jbr\bin\server\jvm.dll
0x00007ffa81a20000 - 0x00007ffa81ad2000 	C:\WINDOWS\System32\ADVAPI32.dll
0x00007ffa809d0000 - 0x00007ffa80a77000 	C:\WINDOWS\System32\sechost.dll
0x00007ffa80680000 - 0x00007ffa806a8000 	C:\WINDOWS\System32\bcrypt.dll
0x00007ffa826c0000 - 0x00007ffa827d4000 	C:\WINDOWS\System32\RPCRT4.dll
0x00007ffa4aed0000 - 0x00007ffa4aed9000 	C:\WINDOWS\SYSTEM32\WSOCK32.dll
0x00007ffa820a0000 - 0x00007ffa82111000 	C:\WINDOWS\System32\WS2_32.dll
0x00007ffa7ee40000 - 0x00007ffa7ee8d000 	C:\WINDOWS\SYSTEM32\POWRPROF.dll
0x00007ffa73bb0000 - 0x00007ffa73be4000 	C:\WINDOWS\SYSTEM32\WINMM.dll
0x00007ffa71ea0000 - 0x00007ffa71eaa000 	C:\WINDOWS\SYSTEM32\VERSION.dll
0x00007ffa7ee20000 - 0x00007ffa7ee33000 	C:\WINDOWS\SYSTEM32\UMPDC.dll
0x00007ffa7f0e0000 - 0x00007ffa7f0f8000 	C:\WINDOWS\SYSTEM32\kernel.appcore.dll
0x00007ffa738b0000 - 0x00007ffa738ba000 	C:\Program Files\JetBrains\PhpStorm 2023.2.3\jbr\bin\jimage.dll
0x00007ffa7d820000 - 0x00007ffa7da52000 	C:\WINDOWS\SYSTEM32\DBGHELP.DLL
0x00007ffa82120000 - 0x00007ffa824af000 	C:\WINDOWS\System32\combase.dll
0x00007ffa81da0000 - 0x00007ffa81e77000 	C:\WINDOWS\System32\OLEAUT32.dll
0x00007ffa674b0000 - 0x00007ffa674e2000 	C:\WINDOWS\SYSTEM32\dbgcore.DLL
0x00007ffa80770000 - 0x00007ffa807eb000 	C:\WINDOWS\System32\bcryptPrimitives.dll
0x00007ffa5e080000 - 0x00007ffa5e0a5000 	C:\Program Files\JetBrains\PhpStorm 2023.2.3\jbr\bin\java.dll

dbghelp: loaded successfully - version: 4.0.5 - missing functions: none
symbol engine: initialized successfully - sym options: 0x614 - pdb path: .;C:\Program Files\JetBrains\PhpStorm 2023.2.3\jbr\bin;C:\WINDOWS\SYSTEM32;C:\WINDOWS\WinSxS\amd64_microsoft.windows.common-controls_6595b64144ccf1df_6.0.22621.4391_none_2715d37f73803e96;C:\Program Files\JetBrains\PhpStorm 2023.2.3\jbr\bin\server

VM Arguments:
java_command: git4idea.http.GitAskPassApp Username for 'https://github.com': 
java_class_path (initial): C:/Program Files/JetBrains/PhpStorm 2023.2.3/plugins/vcs-git/lib/git4idea-rt.jar;C:/Program Files/JetBrains/PhpStorm 2023.2.3/lib/externalProcess-rt.jar
Launcher Type: SUN_STANDARD

[Global flags]
     intx CICompilerCount                          = 4                                         {product} {ergonomic}
     uint ConcGCThreads                            = 2                                         {product} {ergonomic}
     uint G1ConcRefinementThreads                  = 8                                         {product} {ergonomic}
   size_t G1HeapRegionSize                         = 2097152                                   {product} {ergonomic}
    uintx GCDrainStackTargetSize                   = 64                                        {product} {ergonomic}
   size_t InitialHeapSize                          = 264241152                                 {product} {ergonomic}
   size_t MarkStackSize                            = 4194304                                   {product} {ergonomic}
   size_t MaxHeapSize                              = 4227858432                                {product} {ergonomic}
   size_t MinHeapDeltaBytes                        = 2097152                                   {product} {ergonomic}
   size_t MinHeapSize                              = 8388608                                   {product} {ergonomic}
    uintx NonNMethodCodeHeapSize                   = 5839372                                {pd product} {ergonomic}
    uintx NonProfiledCodeHeapSize                  = 122909434                              {pd product} {ergonomic}
    uintx ProfiledCodeHeapSize                     = 122909434                              {pd product} {ergonomic}
    uintx ReservedCodeCacheSize                    = 251658240                              {pd product} {ergonomic}
     bool SegmentedCodeCache                       = true                                      {product} {ergonomic}
   size_t SoftMaxHeapSize                          = 4227858432                             {manageable} {ergonomic}
     bool UseCompressedClassPointers               = true                           {product lp64_product} {ergonomic}
     bool UseCompressedOops                        = true                           {product lp64_product} {ergonomic}
     bool UseG1GC                                  = true                                      {product} {ergonomic}
     bool UseLargePagesIndividualAllocation        = false                                  {pd product} {ergonomic}

Logging:
Log output configuration:
 #0: stdout all=warning uptime,level,tags
 #1: stderr all=off uptime,level,tags

Environment Variables:
PATH=C:/Program Files/Git/mingw64/libexec/git-core;C:/Program Files/Git/mingw64/libexec/git-core;C:\Program Files\Git\mingw64\bin;C:\Program Files\Git\usr\bin;C:\Users\Inspiron\bin;C:\Program Files (x86)\Common Files\Intel\Shared Libraries\redist\intel64\compiler;C:\WINDOWS\system32;C:\WINDOWS;C:\WINDOWS\System32\Wbem;C:\WINDOWS\System32\WindowsPowerShell\v1.0\;C:\WINDOWS\System32\OpenSSH\;C:\Program Files\nodejs\;C:\Program Files\Git\cmd;C:\Users\Inspiron\AppData\Local\Microsoft\WindowsApps;C:\Users\Inspiron\AppData\Roaming\npm
USERNAME=Inspiron
DISPLAY=:0.0
LC_ALL=en_US.UTF-8
TERM=xterm-256color
TMPDIR=C:\Users\Inspiron\AppData\Local\Temp
OS=Windows_NT
PROCESSOR_IDENTIFIER=Intel64 Family 6 Model 140 Stepping 1, GenuineIntel
TMP=C:\Users\Inspiron\AppData\Local\Temp
TEMP=C:\Users\Inspiron\AppData\Local\Temp


JNI global refs:
JNI global refs: 0, weak refs: 0

JNI global refs memory usage: 0, weak refs: 0

OOME stack traces (most recent first):
Classloader memory used:


---------------  S Y S T E M  ---------------

OS:
 Windows 11 , 64 bit Build 22621 (10.0.22621.4391)
OS uptime: 13 days 22:41 hours

CPU: total 8 (initial active 8) (4 cores per cpu, 2 threads per core) family 6 model 140 stepping 1 microcode 0xa4, cx8, cmov, fxsr, ht, mmx, 3dnowpref, sse, sse2, sse3, ssse3, sse4.1, sse4.2, popcnt, lzcnt, tsc, tscinvbit, avx, avx2, aes, erms, clmul, bmi1, bmi2, adx, avx512f, avx512dq, avx512cd, avx512bw, avx512vl, sha, fma, vzeroupper, avx512_vpopcntdq, avx512_vpclmulqdq, avx512_vaes, avx512_vnni, clflush, clflushopt, clwb, avx512_vbmi2, avx512_vbmi
Processor Information for processor 0
  Max Mhz: 2611, Current Mhz: 2611, Mhz Limit: 2611
Processor Information for processor 1
  Max Mhz: 2611, Current Mhz: 1205, Mhz Limit: 2611
Processor Information for processor 2
  Max Mhz: 2611, Current Mhz: 2611, Mhz Limit: 2611
Processor Information for processor 3
  Max Mhz: 2611, Current Mhz: 2611, Mhz Limit: 2611
Processor Information for processor 4
  Max Mhz: 2611, Current Mhz: 1205, Mhz Limit: 2611
Processor Information for processor 5
  Max Mhz: 2611, Current Mhz: 1205, Mhz Limit: 2611
Processor Information for processor 6
  Max Mhz: 2611, Current Mhz: 1205, Mhz Limit: 2611
Processor Information for processor 7
  Max Mhz: 2611, Current Mhz: 2611, Mhz Limit: 2611

Memory: 4k page, system-wide physical 16122M (1825M free)
TotalPageFile size 25229M (AvailPageFile size 62M)
current process WorkingSet (physical memory assigned to process): 11M, peak: 11M
current process commit charge ("private bytes"): 60M, peak: 312M

vm_info: OpenJDK 64-Bit Server VM (17.0.8.1+7-b1000.32) for windows-amd64 JRE (17.0.8.1+7-b1000.32), built on 2023-09-15 by "builduser" with MS VC++ 16.10 / 16.11 (VS2019)

END.
